<?xml version="1.0" encoding="UTF-8"?>
<!-- Generated by org.testng.reporters.JUnitReportReporter -->
<testsuite hostname="DESKTOP-CQFSL2D" failures="0" tests="1" name="kavach.NewTest" time="0.021" errors="0" timestamp="28 May 2024 06:56:21 GMT" skipped="0">
  <testcase classname="kavach.NewTest" name="maps" time="0.021"/>
</testsuite> <!-- kavach.NewTest -->
